#
# A fatal error has been detected by the Java Runtime Environment:
#
#  EXCEPTION_ACCESS_VIOLATION (0xc0000005) at pc=0x00007ff82e5c0eca, pid=3668, tid=4044
#
# JRE version: OpenJDK Runtime Environment (18.0.2.1+1) (build 18.0.2.1+1-1)
# Java VM: OpenJDK 64-Bit Server VM (18.0.2.1+1-1, mixed mode, sharing, tiered, compressed oops, compressed class ptrs, g1 gc, windows-amd64)
# Problematic frame:
# V  [jvm.dll+0x760eca]
#
# No core dump will be written. Minidumps are not enabled by default on client versions of Windows
#
# If you would like to submit a bug report, please visit:
#   https://bugreport.java.com/bugreport/crash.jsp
#

---------------  S U M M A R Y ------------

Command Line: -XX:+ShowCodeDetailsInExceptionMessages -agentlib:jdwp=transport=dt_socket,suspend=y,address=localhost:50784 -javaagent:C:\dev\java\eclipse-2022.06\configuration\org.eclipse.osgi\1071\0\.cp\lib\javaagent-shaded.jar -Dfile.encoding=UTF-8 Window.AddCopyWindow

Host: Intel(R) Core(TM) i5-6600K CPU @ 3.50GHz, 4 cores, 15G,  Windows 10 , 64 bit Build 19041 (10.0.19041.2251)
Time: Fri Nov 18 22:13:55 2022 Paris, Madrid elapsed time: 1870.010023 seconds (0d 0h 31m 10s)

---------------  T H R E A D  ---------------

Current thread (0x0000017763d74fb0):  JavaThread "JDWP Transport Listener: dt_socket" daemon [_thread_in_vm, id=4044, stack(0x0000005b9b000000,0x0000005b9b100000)]

Stack: [0x0000005b9b000000,0x0000005b9b100000],  sp=0x0000005b9b0ff820,  free space=1022k
Native frames: (J=compiled Java code, j=interpreted, Vv=VM code, C=native code)
V  [jvm.dll+0x760eca]
V  [jvm.dll+0x52c54c]
V  [jvm.dll+0x4f3d5b]
C  [jdwp.dll+0x230a7]


siginfo: EXCEPTION_ACCESS_VIOLATION (0xc0000005), reading address 0x000000000070000e


Register to memory mapping:

RIP=0x00007ff82e5c0eca jvm.dll
RAX=0x000000000000006f is an unknown value
RBX=0x000001775f7c611b points into unknown readable memory: 6c 2f 41 72 72
RCX=0x000000000070000a is an unknown value
RDX=0x000001776d30d9d0 points into unknown readable memory: 0x6469562f4f41444c | 4c 44 41 4f 2f 56 69 64
RSP=0x0000005b9b0ff820 is pointing into the stack for thread: 0x0000017763d74fb0
RBP=0x0000017763d8c410 points into unknown readable memory: 0x0043005000000002 | 02 00 00 00 50 00 43 00
RSI=0x0 is NULL
RDI=0xffffffffffffffff is an unknown value
R8 =0x00000000000001ce is an unknown value
R9 =0x0000000000000040 is an unknown value
R10=0x00000000000001c0 is an unknown value
R11=0x0000005b9b0ff840 is pointing into the stack for thread: 0x0000017763d74fb0
R12=0x0000005b9b0ff978 is pointing into the stack for thread: 0x0000017763d74fb0
R13=0x0 is NULL
R14=0x0000000800c09c28 is a pointer to class: 
DAO.VideoGameDAO {0x0000000800c09c30}
 - instance size:     2
 - klass size:        73
 - access:            public synchronized 
 - state:             fully_initialized
 - name:              'DAO/VideoGameDAO'
 - super:             'DAO/DAO'
 - sub:               
 - arrays:            NULL
 - methods:           Array<T>(0x0000017760a7a330)
 - method ordering:   Array<T>(0x0000017760a7ab38)
 - default_methods:   Array<T>(0x0000000000000000)
 - local interfaces:  Array<T>(0x00000008005bcc40)
 - trans. interfaces: Array<T>(0x00000008005bcc40)
 - constants:         constant pool [188] {0x0000017760a7b5c0} for 'DAO/VideoGameDAO' cache=0x0000017760a7bc58
 - class loader data:  loader data: 0x000001775f785900 for instance a 'jdk/internal/loader/ClassLoaders$AppClassLoader'{0x00000007008fdde0}
 - source file:       'VideoGameDAO.java'
 - source debug extension:       SMAP
VideoGameDAO.java
Java
*S jdt
*F
1 VideoGameDAO.java
2 file:/C:/Users/Quentin/Desktop/Java%20derni%c3%a8re%20fois/ProjetGit/JavaClubVideo/bin/
*L
*E

 - class annotations:       Array<T>(0x0000000000000000)
 - class type annotations:  Array<T>(0x0000000000000000)
 - field annotations:       Array<T>(0x0000000000000000)
 - field type annotations:  Array<T>(0x0000000000000000)
 - generic signature: '
[error occurred during error reporting (printing register info), id 0xc0000005, EXCEPTION_ACCESS_VIOLATION (0xc0000005) at pc=0x00007ff82e5c1ad6]

Registers:
RAX=0x000000000000006f, RBX=0x000001775f7c611b, RCX=0x000000000070000a, RDX=0x000001776d30d9d0
RSP=0x0000005b9b0ff820, RBP=0x0000017763d8c410, RSI=0x0000000000000000, RDI=0xffffffffffffffff
R8 =0x00000000000001ce, R9 =0x0000000000000040, R10=0x00000000000001c0, R11=0x0000005b9b0ff840
R12=0x0000005b9b0ff978, R13=0x0000000000000000, R14=0x0000000800c09c28, R15=0x0000005b9b0ff9c8
RIP=0x00007ff82e5c0eca, EFLAGS=0x0000000000010202

Top of Stack: (sp=0x0000005b9b0ff820)
0x0000005b9b0ff820:   0000000000000010 0000000800c09c28
0x0000005b9b0ff830:   0000017763d74fb0 0000000000000000
0x0000005b9b0ff840:   ffffffffffffffff 00007ff82e38c54c
0x0000005b9b0ff850:   000001775f7c611b 0000017763d8c410
0x0000005b9b0ff860:   0000000000000000 0000017763d75240
0x0000005b9b0ff870:   000001775f7c60e0 00000000000003d8
0x0000005b9b0ff880:   000001775f7c60f0 000001775f7c64c8
0x0000005b9b0ff890:   0000000000000002 0000005b9b0ff978
0x0000005b9b0ff8a0:   0000000000000000 0000000000000000
0x0000005b9b0ff8b0:   00000007009bca98 00007ff82e353d5b
0x0000005b9b0ff8c0:   0000017763d74fb0 0000005b9b0ff9c8
0x0000005b9b0ff8d0:   000001773b27d070 0000005b9b0ff9c8
0x0000005b9b0ff8e0:   0000017763d74fb0 0000000000000000
0x0000005b9b0ff8f0:   0000017700000000 0000000000000000
0x0000005b9b0ff900:   000000000000000d 00007ff85d4730a7
0x0000005b9b0ff910:   0000005b9b0ff9c0 00007ff85d481718 

Instructions: (pc=0x00007ff82e5c0eca)
0x00007ff82e5c0dca:   48 8b f8 48 85 db 74 08 48 8b cb e8 16 ad f0 ff
0x00007ff82e5c0dda:   48 8b 5c 24 30 48 8b c7 48 83 c4 20 5f c3 8d 42
0x00007ff82e5c0dea:   06 83 ff 02 b9 08 00 00 00 0f 4e c1 45 33 c0 48
0x00007ff82e5c0dfa:   63 c8 48 83 c1 07 83 e1 f8 48 63 c9 41 8d 50 0b
0x00007ff82e5c0e0a:   48 83 c4 20 5f e9 1c 23 95 ff cc cc cc cc cc cc
0x00007ff82e5c0e1a:   cc cc cc cc cc cc 83 fa 02 8d 42 06 b9 08 00 00
0x00007ff82e5c0e2a:   00 4d 8b c8 0f 4e c1 48 63 c8 49 8b 40 18 48 83
0x00007ff82e5c0e3a:   c1 07 83 e1 f8 48 63 d1 49 8b 48 20 48 2b c8 48
0x00007ff82e5c0e4a:   3b ca 72 09 48 8d 0c 10 49 89 48 18 c3 45 33 c0
0x00007ff82e5c0e5a:   49 8b c9 e9 fe 80 95 ff cc cc cc cc cc cc cc cc
0x00007ff82e5c0e6a:   cc cc cc cc cc cc 4c 8b d2 4c 8b d9 45 85 c0 7e
0x00007ff82e5c0e7a:   3c 44 0f b7 49 04 41 8d 40 ff 41 3b c1 44 0f 4c
0x00007ff82e5c0e8a:   c8 4d 63 c1 45 85 c9 7e 1f 48 8b c2 4c 2b da 49
0x00007ff82e5c0e9a:   8b d0 0f 1f 40 00 41 0f b6 4c 03 06 88 08 48 8d
0x00007ff82e5c0eaa:   40 01 48 83 ea 01 75 ee 43 c6 04 10 00 49 8b c2
0x00007ff82e5c0eba:   c3 cc cc cc cc cc 48 89 5c 24 08 57 48 83 ec 20
0x00007ff82e5c0eca:   0f b7 59 04 48 8b f9 33 d2 48 8d 4b 01 e8 14 d4
0x00007ff82e5c0eda:   f8 ff 0f b7 57 04 4c 8b c0 3b da 0f 42 d3 44 8b
0x00007ff82e5c0eea:   ca 85 d2 74 39 48 2b f8 0f 1f 40 00 66 66 0f 1f
0x00007ff82e5c0efa:   84 00 00 00 00 00 0f b6 4c 07 06 88 08 48 ff c0
0x00007ff82e5c0f0a:   48 8b c8 49 2b c8 49 3b c9 7c eb 42 c6 04 02 00
0x00007ff82e5c0f1a:   49 8b c0 48 8b 5c 24 30 48 83 c4 20 5f c3 48 8b
0x00007ff82e5c0f2a:   5c 24 30 c6 04 02 00 48 83 c4 20 5f c3 cc cc cc
0x00007ff82e5c0f3a:   cc cc cc cc cc cc 4c 8b d1 45 85 c0 7e 6c 44 0f
0x00007ff82e5c0f4a:   b7 49 04 41 8d 40 ff 41 3b c1 44 0f 4c c8 4d 63
0x00007ff82e5c0f5a:   d9 45 85 c9 7e 22 48 8b ca 4c 2b d2 4d 8b c3 0f
0x00007ff82e5c0f6a:   1f 80 00 00 00 00 41 0f b6 44 0a 06 88 01 48 8d
0x00007ff82e5c0f7a:   49 01 49 83 e8 01 75 ee 41 c6 04 13 00 48 c7 c0
0x00007ff82e5c0f8a:   ff ff ff ff 66 90 48 ff c0 80 3c 02 00 75 f7 48
0x00007ff82e5c0f9a:   63 c8 85 c0 48 8b c2 7e 14 80 38 2f 75 03 c6 00
0x00007ff82e5c0faa:   2e 48 ff c0 48 83 e9 01 75 ef 48 8b c2 c3 cc cc
0x00007ff82e5c0fba:   cc cc cc cc cc cc 48 83 ec 28 e8 f7 fe ff ff 4c 


Stack slot to memory mapping:
stack at sp + 0 slots: 0x0000000000000010 is an unknown value
stack at sp + 1 slots: 0x0000000800c09c28 is a pointer to class: 
DAO.VideoGameDAO {0x0000000800c09c30}
 - instance size:     2
 - klass size:        73
 - access:            public synchronized 
 - state:             fully_initialized
 - name:              'DAO/VideoGameDAO'
 - super:             'DAO/DAO'
 - sub:               
 - arrays:            NULL
 - methods:           Array<T>(0x0000017760a7a330)
 - method ordering:   Array<T>(0x0000017760a7ab38)
 - default_methods:   Array<T>(0x0000000000000000)
 - local interfaces:  Array<T>(0x00000008005bcc40)
 - trans. interfaces: Array<T>(0x00000008005bcc40)
 - constants:         constant pool [188] {0x0000017760a7b5c0} for 'DAO/VideoGameDAO' cache=0x0000017760a7bc58
 - class loader data:  loader data: 0x000001775f785900 for instance a 'jdk/internal/loader/ClassLoaders$AppClassLoader'{0x00000007008fdde0}
 - source file:       'VideoGameDAO.java'
 - source debug extension:       SMAP
VideoGameDAO.java
Java
*S jdt
*F
1 VideoGameDAO.java
2 file:/C:/Users/Quentin/Desktop/Java%20derni%c3%a8re%20fois/ProjetGit/JavaClubVideo/bin/
*L
*E

 - class annotations:       Array<T>(0x0000000000000000)
 - class type annotations:  Array<T>(0x0000000000000000)
 - field annotations:       Array<T>(0x0000000000000000)
 - field type annotations:  Array<T>(0x0000000000000000)
 - generic signature: '
[error occurred during error reporting (inspecting top of stack), id 0xc0000005, EXCEPTION_ACCESS_VIOLATION (0xc0000005) at pc=0x00007ff82e5c1ad6]


---------------  P R O C E S S  ---------------

Threads class SMR info:
_java_thread_list=0x000001776bc461b0, length=20, elements={
0x000001775f76a080, 0x000001775f76b390, 0x000001775f7872d0, 0x000001775f789b90,
0x000001775f78ad70, 0x000001775f78cf20, 0x000001775f797810, 0x000001775f7b8ff0,
0x000001775f80b080, 0x000001775f78b240, 0x0000017763d74fb0, 0x0000017763d75c50,
0x0000017763d76130, 0x000001775f78b710, 0x000001775f78bbe0, 0x000001775f78d8c0,
0x000001775f78c0b0, 0x000001775f78dd90, 0x000001775f78c580, 0x00000177647c42d0
}

Java Threads: ( => current thread )
  0x000001775f76a080 JavaThread "Reference Handler" daemon [_thread_blocked, id=11984, stack(0x0000005b9a600000,0x0000005b9a700000)]
  0x000001775f76b390 JavaThread "Finalizer" daemon [_thread_blocked, id=16272, stack(0x0000005b9a700000,0x0000005b9a800000)]
  0x000001775f7872d0 JavaThread "Signal Dispatcher" daemon [_thread_blocked, id=13728, stack(0x0000005b9a800000,0x0000005b9a900000)]
  0x000001775f789b90 JavaThread "Attach Listener" daemon [_thread_blocked, id=11792, stack(0x0000005b9a900000,0x0000005b9aa00000)]
  0x000001775f78ad70 JavaThread "Service Thread" daemon [_thread_blocked, id=14156, stack(0x0000005b9aa00000,0x0000005b9ab00000)]
  0x000001775f78cf20 JavaThread "Monitor Deflation Thread" daemon [_thread_blocked, id=13348, stack(0x0000005b9ab00000,0x0000005b9ac00000)]
  0x000001775f797810 JavaThread "C2 CompilerThread0" daemon [_thread_blocked, id=6728, stack(0x0000005b9ac00000,0x0000005b9ad00000)]
  0x000001775f7b8ff0 JavaThread "C1 CompilerThread0" daemon [_thread_blocked, id=14740, stack(0x0000005b9ad00000,0x0000005b9ae00000)]
  0x000001775f80b080 JavaThread "Sweeper thread" daemon [_thread_blocked, id=7936, stack(0x0000005b9ae00000,0x0000005b9af00000)]
  0x000001775f78b240 JavaThread "Common-Cleaner" daemon [_thread_blocked, id=9036, stack(0x0000005b9af00000,0x0000005b9b000000)]
=>0x0000017763d74fb0 JavaThread "JDWP Transport Listener: dt_socket" daemon [_thread_in_vm, id=4044, stack(0x0000005b9b000000,0x0000005b9b100000)]
  0x0000017763d75c50 JavaThread "JDWP Event Helper Thread" daemon [_thread_blocked, id=16264, stack(0x0000005b9b100000,0x0000005b9b200000)]
  0x0000017763d76130 JavaThread "JDWP Command Reader" daemon [_thread_in_native, id=13180, stack(0x0000005b9b200000,0x0000005b9b300000)]
  0x000001775f78b710 JavaThread "Notification Thread" daemon [_thread_blocked, id=14104, stack(0x0000005b9b400000,0x0000005b9b500000)]
  0x000001775f78bbe0 JavaThread "Java2D Disposer" daemon [_thread_blocked, id=15692, stack(0x0000005b9b700000,0x0000005b9b800000)]
  0x000001775f78d8c0 JavaThread "AWT-Shutdown" [_thread_blocked, id=12524, stack(0x0000005b9b800000,0x0000005b9b900000)]
  0x000001775f78c0b0 JavaThread "AWT-Windows" daemon [_thread_in_native, id=15920, stack(0x0000005b9b900000,0x0000005b9ba00000)]
  0x000001775f78dd90 JavaThread "AWT-EventQueue-0" [_thread_blocked, id=8780, stack(0x0000005b9ba00000,0x0000005b9bb00000)]
  0x000001775f78c580 JavaThread "DestroyJavaVM" [_thread_blocked, id=14816, stack(0x0000005b99f00000,0x0000005b9a000000)]
  0x00000177647c42d0 JavaThread "MemoryTimer-LocationJeuxVideos1.accdb" daemon [_thread_blocked, id=9020, stack(0x0000005b9c050000,0x0000005b9c150000)]

Other Threads:
  0x000001775f7669d0 VMThread "VM Thread" [stack: 0x0000005b9a500000,0x0000005b9a600000] [id=7176]
  0x0000017763e9ee50 WatcherThread "VM Periodic Task Thread" [stack: 0x0000005b9b500000,0x0000005b9b600000] [id=15312]
  0x000001773b301e60 WorkerThread "GC Thread#0" [stack: 0x0000005b9a000000,0x0000005b9a100000] [id=1092]
  0x0000017764976510 WorkerThread "GC Thread#1" [stack: 0x0000005b9bd50000,0x0000005b9be50000] [id=14124]
  0x00000177649767b0 WorkerThread "GC Thread#2" [stack: 0x0000005b9be50000,0x0000005b9bf50000] [id=15872]
  0x0000017764b30d20 WorkerThread "GC Thread#3" [stack: 0x0000005b9bf50000,0x0000005b9c050000] [id=10616]
  0x000001773b313c30 ConcurrentGCThread "G1 Main Marker" [stack: 0x0000005b9a100000,0x0000005b9a200000] [id=9864]
  0x000001773b314cd0 WorkerThread "G1 Conc#0" [stack: 0x0000005b9a200000,0x0000005b9a300000] [id=16296]
  0x000001773b354720 ConcurrentGCThread "G1 Refine#0" [stack: 0x0000005b9a300000,0x0000005b9a400000] [id=11124]
  0x000001773b354f40 ConcurrentGCThread "G1 Service" [stack: 0x0000005b9a400000,0x0000005b9a500000] [id=7844]

Threads with active compile tasks:

VM state: not at safepoint (normal execution)

VM Mutex/Monitor currently owned by a thread: None

Heap address: 0x0000000700800000, size: 4088 MB, Compressed Oops mode: Zero based, Oop shift amount: 3

CDS archive(s) mapped at: [0x0000000800000000-0x0000000800ba0000-0x0000000800ba0000), size 12189696, SharedBaseAddress: 0x0000000800000000, ArchiveRelocationMode: 0.
Compressed class space mapped at: 0x0000000800c00000-0x0000000840c00000, reserved size: 1073741824
Narrow klass base: 0x0000000800000000, Narrow klass shift: 0, Narrow klass range: 0x100000000

GC Precious Log:
 CardTable entry size: 512
 Card Set container configuration: InlinePtr #cards 4 size 8 Array Of Cards #cards 16 size 48 Howl #buckets 8 coarsen threshold 3686 Howl Bitmap #cards 512 size 80 coarsen threshold 460 Card regions per heap region 1 cards per card region 4096
 CPUs: 4 total, 4 available
 Memory: 16344M
 Large Page Support: Disabled
 NUMA Support: Disabled
 Compressed Oops: Enabled (Zero based)
 Heap Region Size: 2M
 Heap Min Capacity: 8M
 Heap Initial Capacity: 256M
 Heap Max Capacity: 4088M
 Pre-touch: Disabled
 Parallel Workers: 4
 Concurrent Workers: 1
 Concurrent Refinement Workers: 4
 Periodic GC: Disabled

Heap:
 garbage-first heap   total 262144K, used 28528K [0x0000000700800000, 0x0000000800000000)
  region size 2048K, 14 young (28672K), 2 survivors (4096K)
 Metaspace       used 15525K, committed 15680K, reserved 1114112K
  class space    used 1333K, committed 1408K, reserved 1048576K

Heap Regions: E=young(eden), S=young(survivor), O=old, HS=humongous(starts), HC=humongous(continues), CS=collection set, F=free, OA=open archive, CA=closed archive, TAMS=top-at-mark-start (previous, next)
|   0|0x0000000700800000, 0x0000000700a00000, 0x0000000700a00000|100%| O|  |TAMS 0x0000000700800000, 0x0000000700800000| Untracked 
|   1|0x0000000700a00000, 0x0000000700ad2800, 0x0000000700c00000| 41%| O|  |TAMS 0x0000000700a00000, 0x0000000700a00000| Untracked 
|   2|0x0000000700c00000, 0x0000000700c00000, 0x0000000700e00000|  0%| F|  |TAMS 0x0000000700c00000, 0x0000000700c00000| Untracked 
|   3|0x0000000700e00000, 0x0000000700e00000, 0x0000000701000000|  0%| F|  |TAMS 0x0000000700e00000, 0x0000000700e00000| Untracked 
|   4|0x0000000701000000, 0x0000000701000000, 0x0000000701200000|  0%| F|  |TAMS 0x0000000701000000, 0x0000000701000000| Untracked 
|   5|0x0000000701200000, 0x0000000701200000, 0x0000000701400000|  0%| F|  |TAMS 0x0000000701200000, 0x0000000701200000| Untracked 
|   6|0x0000000701400000, 0x0000000701400000, 0x0000000701600000|  0%| F|  |TAMS 0x0000000701400000, 0x0000000701400000| Untracked 
|   7|0x0000000701600000, 0x0000000701600000, 0x0000000701800000|  0%| F|  |TAMS 0x0000000701600000, 0x0000000701600000| Untracked 
|   8|0x0000000701800000, 0x0000000701800000, 0x0000000701a00000|  0%| F|  |TAMS 0x0000000701800000, 0x0000000701800000| Untracked 
|   9|0x0000000701a00000, 0x0000000701a00000, 0x0000000701c00000|  0%| F|  |TAMS 0x0000000701a00000, 0x0000000701a00000| Untracked 
|  10|0x0000000701c00000, 0x0000000701c00000, 0x0000000701e00000|  0%| F|  |TAMS 0x0000000701c00000, 0x0000000701c00000| Untracked 
|  11|0x0000000701e00000, 0x0000000701e00000, 0x0000000702000000|  0%| F|  |TAMS 0x0000000701e00000, 0x0000000701e00000| Untracked 
|  12|0x0000000702000000, 0x0000000702000000, 0x0000000702200000|  0%| F|  |TAMS 0x0000000702000000, 0x0000000702000000| Untracked 
|  13|0x0000000702200000, 0x0000000702200000, 0x0000000702400000|  0%| F|  |TAMS 0x0000000702200000, 0x0000000702200000| Untracked 
|  14|0x0000000702400000, 0x0000000702400000, 0x0000000702600000|  0%| F|  |TAMS 0x0000000702400000, 0x0000000702400000| Untracked 
|  15|0x0000000702600000, 0x0000000702600000, 0x0000000702800000|  0%| F|  |TAMS 0x0000000702600000, 0x0000000702600000| Untracked 
|  16|0x0000000702800000, 0x0000000702800000, 0x0000000702a00000|  0%| F|  |TAMS 0x0000000702800000, 0x0000000702800000| Untracked 
|  17|0x0000000702a00000, 0x0000000702a00000, 0x0000000702c00000|  0%| F|  |TAMS 0x0000000702a00000, 0x0000000702a00000| Untracked 
|  18|0x0000000702c00000, 0x0000000702c00000, 0x0000000702e00000|  0%| F|  |TAMS 0x0000000702c00000, 0x0000000702c00000| Untracked 
|  19|0x0000000702e00000, 0x0000000702e00000, 0x0000000703000000|  0%| F|  |TAMS 0x0000000702e00000, 0x0000000702e00000| Untracked 
|  20|0x0000000703000000, 0x0000000703000000, 0x0000000703200000|  0%| F|  |TAMS 0x0000000703000000, 0x0000000703000000| Untracked 
|  21|0x0000000703200000, 0x0000000703200000, 0x0000000703400000|  0%| F|  |TAMS 0x0000000703200000, 0x0000000703200000| Untracked 
|  22|0x0000000703400000, 0x0000000703400000, 0x0000000703600000|  0%| F|  |TAMS 0x0000000703400000, 0x0000000703400000| Untracked 
|  23|0x0000000703600000, 0x0000000703600000, 0x0000000703800000|  0%| F|  |TAMS 0x0000000703600000, 0x0000000703600000| Untracked 
|  24|0x0000000703800000, 0x0000000703800000, 0x0000000703a00000|  0%| F|  |TAMS 0x0000000703800000, 0x0000000703800000| Untracked 
|  25|0x0000000703a00000, 0x0000000703a00000, 0x0000000703c00000|  0%| F|  |TAMS 0x0000000703a00000, 0x0000000703a00000| Untracked 
|  26|0x0000000703c00000, 0x0000000703c00000, 0x0000000703e00000|  0%| F|  |TAMS 0x0000000703c00000, 0x0000000703c00000| Untracked 
|  27|0x0000000703e00000, 0x0000000703e00000, 0x0000000704000000|  0%| F|  |TAMS 0x0000000703e00000, 0x0000000703e00000| Untracked 
|  28|0x0000000704000000, 0x0000000704000000, 0x0000000704200000|  0%| F|  |TAMS 0x0000000704000000, 0x0000000704000000| Untracked 
|  29|0x0000000704200000, 0x0000000704200000, 0x0000000704400000|  0%| F|  |TAMS 0x0000000704200000, 0x0000000704200000| Untracked 
|  30|0x0000000704400000, 0x0000000704400000, 0x0000000704600000|  0%| F|  |TAMS 0x0000000704400000, 0x0000000704400000| Untracked 
|  31|0x0000000704600000, 0x0000000704600000, 0x0000000704800000|  0%| F|  |TAMS 0x0000000704600000, 0x0000000704600000| Untracked 
|  32|0x0000000704800000, 0x0000000704800000, 0x0000000704a00000|  0%| F|  |TAMS 0x0000000704800000, 0x0000000704800000| Untracked 
|  33|0x0000000704a00000, 0x0000000704a00000, 0x0000000704c00000|  0%| F|  |TAMS 0x0000000704a00000, 0x0000000704a00000| Untracked 
|  34|0x0000000704c00000, 0x0000000704c00000, 0x0000000704e00000|  0%| F|  |TAMS 0x0000000704c00000, 0x0000000704c00000| Untracked 
|  35|0x0000000704e00000, 0x0000000704e00000, 0x0000000705000000|  0%| F|  |TAMS 0x0000000704e00000, 0x0000000704e00000| Untracked 
|  36|0x0000000705000000, 0x0000000705000000, 0x0000000705200000|  0%| F|  |TAMS 0x0000000705000000, 0x0000000705000000| Untracked 
|  37|0x0000000705200000, 0x0000000705200000, 0x0000000705400000|  0%| F|  |TAMS 0x0000000705200000, 0x0000000705200000| Untracked 
|  38|0x0000000705400000, 0x0000000705400000, 0x0000000705600000|  0%| F|  |TAMS 0x0000000705400000, 0x0000000705400000| Untracked 
|  39|0x0000000705600000, 0x0000000705600000, 0x0000000705800000|  0%| F|  |TAMS 0x0000000705600000, 0x0000000705600000| Untracked 
|  40|0x0000000705800000, 0x0000000705800000, 0x0000000705a00000|  0%| F|  |TAMS 0x0000000705800000, 0x0000000705800000| Untracked 
|  41|0x0000000705a00000, 0x0000000705a00000, 0x0000000705c00000|  0%| F|  |TAMS 0x0000000705a00000, 0x0000000705a00000| Untracked 
|  42|0x0000000705c00000, 0x0000000705c00000, 0x0000000705e00000|  0%| F|  |TAMS 0x0000000705c00000, 0x0000000705c00000| Untracked 
|  43|0x0000000705e00000, 0x0000000705e00000, 0x0000000706000000|  0%| F|  |TAMS 0x0000000705e00000, 0x0000000705e00000| Untracked 
|  44|0x0000000706000000, 0x0000000706000000, 0x0000000706200000|  0%| F|  |TAMS 0x0000000706000000, 0x0000000706000000| Untracked 
|  45|0x0000000706200000, 0x0000000706200000, 0x0000000706400000|  0%| F|  |TAMS 0x0000000706200000, 0x0000000706200000| Untracked 
|  46|0x0000000706400000, 0x0000000706400000, 0x0000000706600000|  0%| F|  |TAMS 0x0000000706400000, 0x0000000706400000| Untracked 
|  47|0x0000000706600000, 0x0000000706600000, 0x0000000706800000|  0%| F|  |TAMS 0x0000000706600000, 0x0000000706600000| Untracked 
|  48|0x0000000706800000, 0x0000000706800000, 0x0000000706a00000|  0%| F|  |TAMS 0x0000000706800000, 0x0000000706800000| Untracked 
|  49|0x0000000706a00000, 0x0000000706a00000, 0x0000000706c00000|  0%| F|  |TAMS 0x0000000706a00000, 0x0000000706a00000| Untracked 
|  50|0x0000000706c00000, 0x0000000706c00000, 0x0000000706e00000|  0%| F|  |TAMS 0x0000000706c00000, 0x0000000706c00000| Untracked 
|  51|0x0000000706e00000, 0x0000000706e00000, 0x0000000707000000|  0%| F|  |TAMS 0x0000000706e00000, 0x0000000706e00000| Untracked 
|  52|0x0000000707000000, 0x0000000707000000, 0x0000000707200000|  0%| F|  |TAMS 0x0000000707000000, 0x0000000707000000| Untracked 
|  53|0x0000000707200000, 0x0000000707200000, 0x0000000707400000|  0%| F|  |TAMS 0x0000000707200000, 0x0000000707200000| Untracked 
|  54|0x0000000707400000, 0x0000000707400000, 0x0000000707600000|  0%| F|  |TAMS 0x0000000707400000, 0x0000000707400000| Untracked 
|  55|0x0000000707600000, 0x0000000707600000, 0x0000000707800000|  0%| F|  |TAMS 0x0000000707600000, 0x0000000707600000| Untracked 
|  56|0x0000000707800000, 0x0000000707800000, 0x0000000707a00000|  0%| F|  |TAMS 0x0000000707800000, 0x0000000707800000| Untracked 
|  57|0x0000000707a00000, 0x0000000707a00000, 0x0000000707c00000|  0%| F|  |TAMS 0x0000000707a00000, 0x0000000707a00000| Untracked 
|  58|0x0000000707c00000, 0x0000000707c00000, 0x0000000707e00000|  0%| F|  |TAMS 0x0000000707c00000, 0x0000000707c00000| Untracked 
|  59|0x0000000707e00000, 0x0000000707e00000, 0x0000000708000000|  0%| F|  |TAMS 0x0000000707e00000, 0x0000000707e00000| Untracked 
|  60|0x0000000708000000, 0x0000000708000000, 0x0000000708200000|  0%| F|  |TAMS 0x0000000708000000, 0x0000000708000000| Untracked 
|  61|0x0000000708200000, 0x0000000708200000, 0x0000000708400000|  0%| F|  |TAMS 0x0000000708200000, 0x0000000708200000| Untracked 
|  62|0x0000000708400000, 0x0000000708400000, 0x0000000708600000|  0%| F|  |TAMS 0x0000000708400000, 0x0000000708400000| Untracked 
|  63|0x0000000708600000, 0x0000000708600000, 0x0000000708800000|  0%| F|  |TAMS 0x0000000708600000, 0x0000000708600000| Untracked 
|  64|0x0000000708800000, 0x0000000708800000, 0x0000000708a00000|  0%| F|  |TAMS 0x0000000708800000, 0x0000000708800000| Untracked 
|  65|0x0000000708a00000, 0x0000000708a00000, 0x0000000708c00000|  0%| F|  |TAMS 0x0000000708a00000, 0x0000000708a00000| Untracked 
|  66|0x0000000708c00000, 0x0000000708c00000, 0x0000000708e00000|  0%| F|  |TAMS 0x0000000708c00000, 0x0000000708c00000| Untracked 
|  67|0x0000000708e00000, 0x0000000708e00000, 0x0000000709000000|  0%| F|  |TAMS 0x0000000708e00000, 0x0000000708e00000| Untracked 
|  68|0x0000000709000000, 0x0000000709000000, 0x0000000709200000|  0%| F|  |TAMS 0x0000000709000000, 0x0000000709000000| Untracked 
|  69|0x0000000709200000, 0x0000000709200000, 0x0000000709400000|  0%| F|  |TAMS 0x0000000709200000, 0x0000000709200000| Untracked 
|  70|0x0000000709400000, 0x0000000709400000, 0x0000000709600000|  0%| F|  |TAMS 0x0000000709400000, 0x0000000709400000| Untracked 
|  71|0x0000000709600000, 0x0000000709600000, 0x0000000709800000|  0%| F|  |TAMS 0x0000000709600000, 0x0000000709600000| Untracked 
|  72|0x0000000709800000, 0x0000000709800000, 0x0000000709a00000|  0%| F|  |TAMS 0x0000000709800000, 0x0000000709800000| Untracked 
|  73|0x0000000709a00000, 0x0000000709a00000, 0x0000000709c00000|  0%| F|  |TAMS 0x0000000709a00000, 0x0000000709a00000| Untracked 
|  74|0x0000000709c00000, 0x0000000709c00000, 0x0000000709e00000|  0%| F|  |TAMS 0x0000000709c00000, 0x0000000709c00000| Untracked 
|  75|0x0000000709e00000, 0x0000000709e00000, 0x000000070a000000|  0%| F|  |TAMS 0x0000000709e00000, 0x0000000709e00000| Untracked 
|  76|0x000000070a000000, 0x000000070a000000, 0x000000070a200000|  0%| F|  |TAMS 0x000000070a000000, 0x000000070a000000| Untracked 
|  77|0x000000070a200000, 0x000000070a200000, 0x000000070a400000|  0%| F|  |TAMS 0x000000070a200000, 0x000000070a200000| Untracked 
|  78|0x000000070a400000, 0x000000070a400000, 0x000000070a600000|  0%| F|  |TAMS 0x000000070a400000, 0x000000070a400000| Untracked 
|  79|0x000000070a600000, 0x000000070a600000, 0x000000070a800000|  0%| F|  |TAMS 0x000000070a600000, 0x000000070a600000| Untracked 
|  80|0x000000070a800000, 0x000000070a800000, 0x000000070aa00000|  0%| F|  |TAMS 0x000000070a800000, 0x000000070a800000| Untracked 
|  81|0x000000070aa00000, 0x000000070aa00000, 0x000000070ac00000|  0%| F|  |TAMS 0x000000070aa00000, 0x000000070aa00000| Untracked 
|  82|0x000000070ac00000, 0x000000070ac00000, 0x000000070ae00000|  0%| F|  |TAMS 0x000000070ac00000, 0x000000070ac00000| Untracked 
|  83|0x000000070ae00000, 0x000000070ae00000, 0x000000070b000000|  0%| F|  |TAMS 0x000000070ae00000, 0x000000070ae00000| Untracked 
|  84|0x000000070b000000, 0x000000070b000000, 0x000000070b200000|  0%| F|  |TAMS 0x000000070b000000, 0x000000070b000000| Untracked 
|  85|0x000000070b200000, 0x000000070b200000, 0x000000070b400000|  0%| F|  |TAMS 0x000000070b200000, 0x000000070b200000| Untracked 
|  86|0x000000070b400000, 0x000000070b400000, 0x000000070b600000|  0%| F|  |TAMS 0x000000070b400000, 0x000000070b400000| Untracked 
|  87|0x000000070b600000, 0x000000070b600000, 0x000000070b800000|  0%| F|  |TAMS 0x000000070b600000, 0x000000070b600000| Untracked 
|  88|0x000000070b800000, 0x000000070b800000, 0x000000070ba00000|  0%| F|  |TAMS 0x000000070b800000, 0x000000070b800000| Untracked 
|  89|0x000000070ba00000, 0x000000070ba00000, 0x000000070bc00000|  0%| F|  |TAMS 0x000000070ba00000, 0x000000070ba00000| Untracked 
|  90|0x000000070bc00000, 0x000000070bc00000, 0x000000070be00000|  0%| F|  |TAMS 0x000000070bc00000, 0x000000070bc00000| Untracked 
|  91|0x000000070be00000, 0x000000070be00000, 0x000000070c000000|  0%| F|  |TAMS 0x000000070be00000, 0x000000070be00000| Untracked 
|  92|0x000000070c000000, 0x000000070c000000, 0x000000070c200000|  0%| F|  |TAMS 0x000000070c000000, 0x000000070c000000| Untracked 
|  93|0x000000070c200000, 0x000000070c200000, 0x000000070c400000|  0%| F|  |TAMS 0x000000070c200000, 0x000000070c200000| Untracked 
|  94|0x000000070c400000, 0x000000070c400000, 0x000000070c600000|  0%| F|  |TAMS 0x000000070c400000, 0x000000070c400000| Untracked 
|  95|0x000000070c600000, 0x000000070c600000, 0x000000070c800000|  0%| F|  |TAMS 0x000000070c600000, 0x000000070c600000| Untracked 
|  96|0x000000070c800000, 0x000000070c800000, 0x000000070ca00000|  0%| F|  |TAMS 0x000000070c800000, 0x000000070c800000| Untracked 
|  97|0x000000070ca00000, 0x000000070ca00000, 0x000000070cc00000|  0%| F|  |TAMS 0x000000070ca00000, 0x000000070ca00000| Untracked 
|  98|0x000000070cc00000, 0x000000070cc00000, 0x000000070ce00000|  0%| F|  |TAMS 0x000000070cc00000, 0x000000070cc00000| Untracked 
|  99|0x000000070ce00000, 0x000000070ce00000, 0x000000070d000000|  0%| F|  |TAMS 0x000000070ce00000, 0x000000070ce00000| Untracked 
| 100|0x000000070d000000, 0x000000070d000000, 0x000000070d200000|  0%| F|  |TAMS 0x000000070d000000, 0x000000070d000000| Untracked 
| 101|0x000000070d200000, 0x000000070d200000, 0x000000070d400000|  0%| F|  |TAMS 0x000000070d200000, 0x000000070d200000| Untracked 
| 102|0x000000070d400000, 0x000000070d400000, 0x000000070d600000|  0%| F|  |TAMS 0x000000070d400000, 0x000000070d400000| Untracked 
| 103|0x000000070d600000, 0x000000070d600000, 0x000000070d800000|  0%| F|  |TAMS 0x000000070d600000, 0x000000070d600000| Untracked 
| 104|0x000000070d800000, 0x000000070d800000, 0x000000070da00000|  0%| F|  |TAMS 0x000000070d800000, 0x000000070d800000| Untracked 
| 105|0x000000070da00000, 0x000000070da00000, 0x000000070dc00000|  0%| F|  |TAMS 0x000000070da00000, 0x000000070da00000| Untracked 
| 106|0x000000070dc00000, 0x000000070dc00000, 0x000000070de00000|  0%| F|  |TAMS 0x000000070dc00000, 0x000000070dc00000| Untracked 
| 107|0x000000070de00000, 0x000000070de00000, 0x000000070e000000|  0%| F|  |TAMS 0x000000070de00000, 0x000000070de00000| Untracked 
| 108|0x000000070e000000, 0x000000070e109b88, 0x000000070e200000| 51%| S|CS|TAMS 0x000000070e000000, 0x000000070e000000| Complete 
| 109|0x000000070e200000, 0x000000070e400000, 0x000000070e400000|100%| S|CS|TAMS 0x000000070e200000, 0x000000070e200000| Complete 
| 110|0x000000070e400000, 0x000000070e400000, 0x000000070e600000|  0%| F|  |TAMS 0x000000070e400000, 0x000000070e400000| Untracked 
| 111|0x000000070e600000, 0x000000070e600000, 0x000000070e800000|  0%| F|  |TAMS 0x000000070e600000, 0x000000070e600000| Untracked 
| 112|0x000000070e800000, 0x000000070e800000, 0x000000070ea00000|  0%| F|  |TAMS 0x000000070e800000, 0x000000070e800000| Untracked 
| 113|0x000000070ea00000, 0x000000070ea00000, 0x000000070ec00000|  0%| F|  |TAMS 0x000000070ea00000, 0x000000070ea00000| Untracked 
| 114|0x000000070ec00000, 0x000000070ec00000, 0x000000070ee00000|  0%| F|  |TAMS 0x000000070ec00000, 0x000000070ec00000| Untracked 
| 115|0x000000070ee00000, 0x000000070ee00000, 0x000000070f000000|  0%| F|  |TAMS 0x000000070ee00000, 0x000000070ee00000| Untracked 
| 116|0x000000070f000000, 0x000000070f052fe8, 0x000000070f200000| 16%| E|  |TAMS 0x000000070f000000, 0x000000070f000000| Complete 
| 117|0x000000070f200000, 0x000000070f400000, 0x000000070f400000|100%| E|CS|TAMS 0x000000070f200000, 0x000000070f200000| Complete 
| 118|0x000000070f400000, 0x000000070f600000, 0x000000070f600000|100%| E|CS|TAMS 0x000000070f400000, 0x000000070f400000| Complete 
| 119|0x000000070f600000, 0x000000070f800000, 0x000000070f800000|100%| E|CS|TAMS 0x000000070f600000, 0x000000070f600000| Complete 
| 120|0x000000070f800000, 0x000000070fa00000, 0x000000070fa00000|100%| E|CS|TAMS 0x000000070f800000, 0x000000070f800000| Complete 
| 121|0x000000070fa00000, 0x000000070fc00000, 0x000000070fc00000|100%| E|CS|TAMS 0x000000070fa00000, 0x000000070fa00000| Complete 
| 122|0x000000070fc00000, 0x000000070fe00000, 0x000000070fe00000|100%| E|CS|TAMS 0x000000070fc00000, 0x000000070fc00000| Complete 
| 123|0x000000070fe00000, 0x0000000710000000, 0x0000000710000000|100%| E|CS|TAMS 0x000000070fe00000, 0x000000070fe00000| Complete 
| 124|0x0000000710000000, 0x0000000710200000, 0x0000000710200000|100%| E|CS|TAMS 0x0000000710000000, 0x0000000710000000| Complete 
| 125|0x0000000710200000, 0x0000000710400000, 0x0000000710400000|100%| E|CS|TAMS 0x0000000710200000, 0x0000000710200000| Complete 
| 126|0x0000000710400000, 0x0000000710600000, 0x0000000710600000|100%| E|CS|TAMS 0x0000000710400000, 0x0000000710400000| Complete 
| 127|0x0000000710600000, 0x0000000710800000, 0x0000000710800000|100%| E|CS|TAMS 0x0000000710600000, 0x0000000710600000| Complete 

Card table byte_map: [0x00000177541d0000,0x00000177549d0000] _byte_map_base: 0x00000177509cc000

Marking Bits (Prev, Next): (CMBitMap*) 0x000001773b303380, (CMBitMap*) 0x000001773b3033c0
 Prev Bits: [0x00000177551d0000, 0x00000177591b0000)
 Next Bits: [0x00000177591b0000, 0x000001775d190000)

Polling page: 0x0000017744380000

Metaspace:

Usage:
  Non-class:     13.86 MB used.
      Class:      1.30 MB used.
       Both:     15.16 MB used.

Virtual space:
  Non-class space:       64.00 MB reserved,      13.94 MB ( 22%) committed,  1 nodes.
      Class space:        1.00 GB reserved,       1.38 MB ( <1%) committed,  1 nodes.
             Both:        1.06 GB reserved,      15.31 MB (  1%) committed. 

Chunk freelists:
   Non-Class:  1.52 MB
       Class:  2.63 MB
        Both:  4.14 MB

MaxMetaspaceSize: unlimited
CompressedClassSpaceSize: 1.00 GB
Initial GC threshold: 21.00 MB
Current GC threshold: 21.00 MB
CDS: on
MetaspaceReclaimPolicy: balanced
 - commit_granule_bytes: 65536.
 - commit_granule_words: 8192.
 - virtual_space_node_default_size: 8388608.
 - enlarge_chunks_in_place: 1.
 - new_chunks_are_fully_committed: 0.
 - uncommit_free_chunks: 1.
 - use_allocation_guard: 0.


Internal statistics:

num_allocs_failed_limit: 0.
num_arena_births: 140.
num_arena_deaths: 0.
num_vsnodes_births: 2.
num_vsnodes_deaths: 0.
num_space_committed: 245.
num_space_uncommitted: 0.
num_chunks_returned_to_freelist: 0.
num_chunks_taken_from_freelist: 427.
num_chunk_merges: 0.
num_chunk_splits: 328.
num_chunks_enlarged: 266.
num_inconsistent_stats: 0.

CodeHeap 'non-profiled nmethods': size=120000Kb used=960Kb max_used=960Kb free=119039Kb
 bounds [0x000001774be70000, 0x000001774c0e0000, 0x00000177533a0000]
CodeHeap 'profiled nmethods': size=120000Kb used=5327Kb max_used=5327Kb free=114672Kb
 bounds [0x0000017744940000, 0x0000017744e80000, 0x000001774be70000]
CodeHeap 'non-nmethods': size=5760Kb used=1368Kb max_used=1428Kb free=4391Kb
 bounds [0x00000177443a0000, 0x0000017744610000, 0x0000017744940000]
 total_blobs=3030 nmethods=2418 adapters=524
 compilation: enabled
              stopped_count=0, restarted_count=0
 full_count=0

Compilation events (20 events):
Event: 1.570 Thread 0x000001775f797810 nmethod 2340 0x000001774bf54890 code [0x000001774bf54a40, 0x000001774bf55978]
Event: 1.570 Thread 0x000001775f797810 2322       4       java.util.regex.Pattern::atom (422 bytes)
Event: 1.576 Thread 0x000001776afab240 nmethod 2323 0x000001774bf56010 code [0x000001774bf562a0, 0x000001774bf58c78]
Event: 1.576 Thread 0x000001776afab240 2414       4       java.util.regex.Pattern::sequence (647 bytes)
Event: 1.590 Thread 0x000001776afab240 nmethod 2414 0x000001774bf59a90 code [0x000001774bf59cc0, 0x000001774bf5ac30]
Event: 1.591 Thread 0x000001776afab240 2342       4       java.util.regex.Pattern::newCharProperty (39 bytes)
Event: 1.592 Thread 0x000001775f797810 nmethod 2322 0x000001774bf5b510 code [0x000001774bf5b740, 0x000001774bf5c9c0]
Event: 1.593 Thread 0x000001775f797810 2353       4       java.util.regex.Pattern::range (294 bytes)
Event: 1.593 Thread 0x000001776afab240 nmethod 2342 0x000001774bf5d710 code [0x000001774bf5d8a0, 0x000001774bf5dbf8]
Event: 1.593 Thread 0x000001776afab240 2258       4       java.lang.StringBuilder::toString (35 bytes)
Event: 1.596 Thread 0x000001776afab240 nmethod 2258 0x000001774bf5dd10 code [0x000001774bf5dea0, 0x000001774bf5e338]
Event: 1.596 Thread 0x000001776afab240 2357       4       java.util.regex.Pattern$Node::study (21 bytes)
Event: 1.597 Thread 0x000001776afab240 nmethod 2357 0x000001774bf5e590 code [0x000001774bf5e700, 0x000001774bf5e7d8]
Event: 1.597 Thread 0x000001776afab240 2295       4       java.lang.StringLatin1::getChar (9 bytes)
Event: 1.597 Thread 0x000001776afab240 nmethod 2295 0x000001774bf5e890 code [0x000001774bf5ea00, 0x000001774bf5ea98]
Event: 1.597 Thread 0x000001776afab240 2381       4       org.hsqldb.RangeVariable::access$500 (4 bytes)
Event: 1.597 Thread 0x000001776afab240 nmethod 2381 0x000001774bf5eb90 code [0x000001774bf5ed00, 0x000001774bf5ed58]
Event: 1.597 Thread 0x000001776afab240 2365       4       org.hsqldb.index.NodeAVL::getRight (5 bytes)
Event: 1.597 Thread 0x000001776afab240 nmethod 2365 0x000001774bf5ee90 code [0x000001774bf5f000, 0x000001774bf5f078]
Event: 1.598 Thread 0x000001775f797810 nmethod 2353 0x000001774bf5f190 code [0x000001774bf5f360, 0x000001774bf5fa38]

GC Heap History (6 events):
Event: 0.751 GC heap before
{Heap before GC invocations=0 (full 0):
 garbage-first heap   total 262144K, used 12288K [0x0000000700800000, 0x0000000800000000)
  region size 2048K, 6 young (12288K), 0 survivors (0K)
 Metaspace       used 6776K, committed 6912K, reserved 1114112K
  class space    used 683K, committed 768K, reserved 1048576K
}
Event: 0.756 GC heap after
{Heap after GC invocations=1 (full 0):
 garbage-first heap   total 262144K, used 3016K [0x0000000700800000, 0x0000000800000000)
  region size 2048K, 1 young (2048K), 1 survivors (2048K)
 Metaspace       used 6776K, committed 6912K, reserved 1114112K
  class space    used 683K, committed 768K, reserved 1048576K
}
Event: 0.961 GC heap before
{Heap before GC invocations=1 (full 0):
 garbage-first heap   total 262144K, used 15304K [0x0000000700800000, 0x0000000800000000)
  region size 2048K, 7 young (14336K), 1 survivors (2048K)
 Metaspace       used 8968K, committed 9216K, reserved 1114112K
  class space    used 896K, committed 1024K, reserved 1048576K
}
Event: 0.964 GC heap after
{Heap after GC invocations=2 (full 0):
 garbage-first heap   total 262144K, used 3667K [0x0000000700800000, 0x0000000800000000)
  region size 2048K, 1 young (2048K), 1 survivors (2048K)
 Metaspace       used 8968K, committed 9216K, reserved 1114112K
  class space    used 896K, committed 1024K, reserved 1048576K
}
Event: 1.269 GC heap before
{Heap before GC invocations=2 (full 0):
 garbage-first heap   total 262144K, used 36435K [0x0000000700800000, 0x0000000800000000)
  region size 2048K, 18 young (36864K), 1 survivors (2048K)
 Metaspace       used 13595K, committed 13760K, reserved 1114112K
  class space    used 1228K, committed 1280K, reserved 1048576K
}
Event: 1.272 GC heap after
{Heap after GC invocations=3 (full 0):
 garbage-first heap   total 262144K, used 6000K [0x0000000700800000, 0x0000000800000000)
  region size 2048K, 2 young (4096K), 2 survivors (4096K)
 Metaspace       used 13595K, committed 13760K, reserved 1114112K
  class space    used 1228K, committed 1280K, reserved 1048576K
}

Deoptimization events (20 events):
Event: 1.511 Thread 0x000001775f78dd90 DEOPT PACKING pc=0x000001774bf43b28 sp=0x0000005b9bafd410
Event: 1.511 Thread 0x000001775f78dd90 DEOPT UNPACKING pc=0x00000177443f23a3 sp=0x0000005b9bafd3a0 mode 2
Event: 1.546 Thread 0x000001775f78dd90 Uncommon trap: trap_request=0xffffffde fr.pc=0x000001774bf467fc relative=0x000000000000083c
Event: 1.546 Thread 0x000001775f78dd90 Uncommon trap: reason=class_check action=maybe_recompile pc=0x000001774bf467fc method=java.util.regex.Pattern$Start.match(Ljava/util/regex/Matcher;ILjava/lang/CharSequence;)Z @ 44 c2
Event: 1.546 Thread 0x000001775f78dd90 DEOPT PACKING pc=0x000001774bf467fc sp=0x0000005b9bafe4b0
Event: 1.546 Thread 0x000001775f78dd90 DEOPT UNPACKING pc=0x00000177443f23a3 sp=0x0000005b9bafe400 mode 2
Event: 1.546 Thread 0x000001775f78dd90 Uncommon trap: trap_request=0xffffffde fr.pc=0x000001774bf467fc relative=0x000000000000083c
Event: 1.546 Thread 0x000001775f78dd90 Uncommon trap: reason=class_check action=maybe_recompile pc=0x000001774bf467fc method=java.util.regex.Pattern$Start.match(Ljava/util/regex/Matcher;ILjava/lang/CharSequence;)Z @ 44 c2
Event: 1.546 Thread 0x000001775f78dd90 DEOPT PACKING pc=0x000001774bf467fc sp=0x0000005b9bafe4b0
Event: 1.546 Thread 0x000001775f78dd90 DEOPT UNPACKING pc=0x00000177443f23a3 sp=0x0000005b9bafe400 mode 2
Event: 1.546 Thread 0x000001775f78dd90 Uncommon trap: trap_request=0xffffffde fr.pc=0x000001774bf467fc relative=0x000000000000083c
Event: 1.546 Thread 0x000001775f78dd90 Uncommon trap: reason=class_check action=maybe_recompile pc=0x000001774bf467fc method=java.util.regex.Pattern$Start.match(Ljava/util/regex/Matcher;ILjava/lang/CharSequence;)Z @ 44 c2
Event: 1.547 Thread 0x000001775f78dd90 DEOPT PACKING pc=0x000001774bf467fc sp=0x0000005b9bafe3b0
Event: 1.547 Thread 0x000001775f78dd90 DEOPT UNPACKING pc=0x00000177443f23a3 sp=0x0000005b9bafe300 mode 2
Event: 1.547 Thread 0x000001775f78dd90 Uncommon trap: trap_request=0xffffffde fr.pc=0x000001774bf467fc relative=0x000000000000083c
Event: 1.547 Thread 0x000001775f78dd90 Uncommon trap: reason=class_check action=maybe_recompile pc=0x000001774bf467fc method=java.util.regex.Pattern$Start.match(Ljava/util/regex/Matcher;ILjava/lang/CharSequence;)Z @ 44 c2
Event: 1.547 Thread 0x000001775f78dd90 DEOPT PACKING pc=0x000001774bf467fc sp=0x0000005b9bafe3b0
Event: 1.547 Thread 0x000001775f78dd90 DEOPT UNPACKING pc=0x00000177443f23a3 sp=0x0000005b9bafe300 mode 2
Event: 1.552 Thread 0x000001775f78dd90 DEOPT PACKING pc=0x0000017744b45219 sp=0x0000005b9bafbf90
Event: 1.552 Thread 0x000001775f78dd90 DEOPT UNPACKING pc=0x00000177443f2b43 sp=0x0000005b9bafb540 mode 0

Classes loaded (20 events):
Event: 1.286 Loading class java/lang/reflect/UndeclaredThrowableException
Event: 1.287 Loading class java/lang/reflect/UndeclaredThrowableException done
Event: 1.292 Loading class java/util/regex/Pattern$Loop
Event: 1.292 Loading class java/util/regex/Pattern$Loop done
Event: 1.292 Loading class java/util/regex/Pattern$Prolog
Event: 1.292 Loading class java/util/regex/Pattern$Prolog done
Event: 1.293 Loading class java/util/regex/Pattern$Neg
Event: 1.293 Loading class java/util/regex/Pattern$Neg done
Event: 1.412 Loading class java/util/concurrent/atomic/AtomicReferenceFieldUpdater
Event: 1.412 Loading class java/util/concurrent/atomic/AtomicReferenceFieldUpdater done
Event: 1.413 Loading class java/util/concurrent/atomic/AtomicReferenceFieldUpdater$AtomicReferenceFieldUpdaterImpl
Event: 1.413 Loading class java/util/concurrent/atomic/AtomicReferenceFieldUpdater$AtomicReferenceFieldUpdaterImpl done
Event: 1.413 Loading class java/util/concurrent/atomic/AtomicReferenceFieldUpdater$AtomicReferenceFieldUpdaterImpl$1
Event: 1.413 Loading class java/util/concurrent/atomic/AtomicReferenceFieldUpdater$AtomicReferenceFieldUpdaterImpl$1 done
Event: 1.438 Loading class java/util/LinkedList$ListItr
Event: 1.438 Loading class java/util/LinkedList$ListItr done
Event: 1.444 Loading class java/time/LocalDateTime$1
Event: 1.444 Loading class java/time/LocalDateTime$1 done
Event: 1.447 Loading class java/time/OffsetDateTime
Event: 1.447 Loading class java/time/OffsetDateTime done

Classes unloaded (0 events):
No events

Classes redefined (1 events):
Event: 1869.755 Thread 0x000001775f7669d0 redefined class name=DAO.VideoGameDAO, count=1

Internal exceptions (17 events):
Event: 0.297 Thread 0x000001773b28ff40 Exception <a 'java/lang/NoSuchMethodError'{0x0000000710328470}: 'void java.lang.invoke.DirectMethodHandle$Holder.invokeStatic(java.lang.Object, java.lang.Object, java.lang.Object)'> (0x0000000710328470) 
thrown [s\open\src\hotspot\share\interpreter\linkResolver.cpp, line 759]
Event: 0.300 Thread 0x000001773b28ff40 Exception <a 'java/lang/NoSuchMethodError'{0x000000071033c288}: 'java.lang.Object java.lang.invoke.Invokers$Holder.invokeExact_MT(java.lang.Object, java.lang.Object, java.lang.Object, java.lang.Object, java.lang.Object)'> (0x000000071033c288) 
thrown [s\open\src\hotspot\share\interpreter\linkResolver.cpp, line 759]
Event: 0.345 Thread 0x000001773b28ff40 Exception <a 'java/lang/ClassNotFoundException'{0x00000007100877e0}: sun/awt/resources/spi/awtProvider> (0x00000007100877e0) 
thrown [s\open\src\hotspot\share\classfile\systemDictionary.cpp, line 255]
Event: 0.359 Thread 0x000001773b28ff40 Exception <a 'java/io/FileNotFoundException'{0x00000007100d9510}> (0x00000007100d9510) 
thrown [s\open\src\hotspot\share\prims\jni.cpp, line 516]
Event: 0.367 Thread 0x000001773b28ff40 Exception <a 'java/io/FileNotFoundException'{0x0000000710108670}> (0x0000000710108670) 
thrown [s\open\src\hotspot\share\prims\jni.cpp, line 516]
Event: 0.415 Thread 0x000001773b28ff40 Exception <a 'java/lang/NoSuchMethodError'{0x000000070fe089c0}: 'java.lang.Object java.lang.invoke.DirectMethodHandle$Holder.invokeStaticInit(java.lang.Object)'> (0x000000070fe089c0) 
thrown [s\open\src\hotspot\share\interpreter\linkResolver.cpp, line 759]
Event: 0.651 Thread 0x000001775f78dd90 Exception <a 'java/lang/NoSuchMethodError'{0x000000070ff9ba78}: 'void java.lang.invoke.DirectMethodHandle$Holder.invokeSpecial(java.lang.Object, java.lang.Object, java.lang.Object)'> (0x000000070ff9ba78) 
thrown [s\open\src\hotspot\share\interpreter\linkResolver.cpp, line 759]
Event: 0.667 Thread 0x000001775f78dd90 Exception <a 'java/lang/NoSuchMethodError'{0x000000070ffedde8}: 'java.lang.Object java.lang.invoke.DirectMethodHandle$Holder.newInvokeSpecial(java.lang.Object, java.lang.Object, java.lang.Object, java.lang.Object, java.lang.Object)'> (0x000000070ffedde8) 
thrown [s\open\src\hotspot\share\interpreter\linkResolver.cpp, line 759]
Event: 0.674 Thread 0x000001775f78dd90 Exception <a 'java/lang/NoSuchMethodError'{0x000000070fc20810}: 'java.lang.Object java.lang.invoke.DirectMethodHandle$Holder.invokeStatic(java.lang.Object, int, java.lang.Object)'> (0x000000070fc20810) 
thrown [s\open\src\hotspot\share\interpreter\linkResolver.cpp, line 759]
Event: 0.701 Thread 0x000001775f78dd90 Exception <a 'java/lang/ClassNotFoundException'{0x000000070fcec5b8}: com/sun/swing/internal/plaf/metal/resources/spi/metalProvider> (0x000000070fcec5b8) 
thrown [s\open\src\hotspot\share\classfile\systemDictionary.cpp, line 255]
Event: 0.702 Thread 0x000001775f78dd90 Exception <a 'java/lang/ClassNotFoundException'{0x000000070fcf30b0}: com/sun/swing/internal/plaf/basic/resources/spi/basicProvider> (0x000000070fcf30b0) 
thrown [s\open\src\hotspot\share\classfile\systemDictionary.cpp, line 255]
Event: 0.711 Thread 0x000001775f78dd90 Exception <a 'java/lang/NoSuchMethodError'{0x000000070fd2f240}: 'int java.lang.invoke.Invokers$Holder.invokeExact_MT(java.lang.Object, java.lang.Object)'> (0x000000070fd2f240) 
thrown [s\open\src\hotspot\share\interpreter\linkResolver.cpp, line 759]
Event: 0.711 Thread 0x000001775f78dd90 Implicit null exception at 0x000001774beaaf93 to 0x000001774beab2f0
Event: 0.787 Thread 0x000001775f78dd90 Exception <a 'java/lang/NoSuchMethodError'{0x000000071074cec8}: 'java.lang.Object java.lang.invoke.DirectMethodHandle$Holder.invokeStaticInit(java.lang.Object, int, int, int, int)'> (0x000000071074cec8) 
thrown [s\open\src\hotspot\share\interpreter\linkResolver.cpp, line 759]
Event: 0.837 Thread 0x000001775f78dd90 Exception <a 'java/lang/NoSuchMethodError'{0x00000007107a43e8}: 'java.lang.Object java.lang.invoke.DirectMethodHandle$Holder.invokeStaticInit(java.lang.Object, java.lang.Object, int, int, int, int)'> (0x00000007107a43e8) 
thrown [s\open\src\hotspot\share\interpreter\linkResolver.cpp, line 759]
Event: 0.842 Thread 0x000001775f78dd90 Exception <a 'java/lang/NoSuchMethodError'{0x00000007107d51f0}: 'java.lang.Object java.lang.invoke.DirectMethodHandle$Holder.invokeInterface(java.lang.Object, java.lang.Object)'> (0x00000007107d51f0) 
thrown [s\open\src\hotspot\share\interpreter\linkResolver.cpp, line 759]
Event: 0.887 Thread 0x000001775f78dd90 Exception <a 'java/lang/NoClassDefFoundError'{0x00000007102c7d80}: org/apache/log4j/Priority> (0x00000007102c7d80) 
thrown [s\open\src\hotspot\share\classfile\systemDictionary.cpp, line 244]

VM Operations (20 events):
Event: 1562.677 Executing VM operation: ChangeBreakpoints
Event: 1562.677 Executing VM operation: ChangeBreakpoints done
Event: 1567.648 Executing VM operation: ChangeBreakpoints
Event: 1567.648 Executing VM operation: ChangeBreakpoints done
Event: 1567.649 Executing VM operation: ChangeBreakpoints
Event: 1567.649 Executing VM operation: ChangeBreakpoints done
Event: 1778.126 Executing VM operation: ChangeBreakpoints
Event: 1778.126 Executing VM operation: ChangeBreakpoints done
Event: 1869.749 Executing VM operation: ChangeSingleStep
Event: 1869.749 Executing VM operation: ChangeSingleStep done
Event: 1869.749 Executing VM operation: ChangeSingleStep
Event: 1869.749 Executing VM operation: ChangeSingleStep done
Event: 1869.752 Executing VM operation: RedefineClasses
Event: 1869.760 Executing VM operation: RedefineClasses done
Event: 1869.765 Executing VM operation: ChangeBreakpoints
Event: 1869.765 Executing VM operation: ChangeBreakpoints done
Event: 1869.766 Executing VM operation: ChangeSingleStep
Event: 1869.766 Executing VM operation: ChangeSingleStep done
Event: 1869.767 Executing VM operation: ChangeSingleStep
Event: 1869.767 Executing VM operation: ChangeSingleStep done

Events (20 events):
Event: 0.182 Loaded shared library C:\dev\java\sdk\jdk-18.0.2.1\bin\zip.dll
Event: 0.185 Loaded shared library C:\dev\java\sdk\jdk-18.0.2.1\bin\instrument.dll
Event: 0.190 Loaded shared library C:\dev\java\sdk\jdk-18.0.2.1\bin\net.dll
Event: 0.191 Loaded shared library C:\dev\java\sdk\jdk-18.0.2.1\bin\nio.dll
Event: 0.194 Loaded shared library C:\dev\java\sdk\jdk-18.0.2.1\bin\zip.dll
Event: 0.250 Loaded shared library C:\dev\java\sdk\jdk-18.0.2.1\bin\jimage.dll
Event: 0.303 Thread 0x000001775f78b710 Thread added: 0x000001775f78b710
Event: 0.307 Loaded shared library C:\dev\java\sdk\jdk-18.0.2.1\bin\verify.dll
Event: 0.314 Thread 0x0000017764380830 Thread added: 0x0000017764380830
Event: 0.349 Loaded shared library C:\dev\java\sdk\jdk-18.0.2.1\bin\awt.dll
Event: 0.416 Thread 0x000001775f78bbe0 Thread added: 0x000001775f78bbe0
Event: 0.418 Thread 0x000001775f78d8c0 Thread added: 0x000001775f78d8c0
Event: 0.420 Thread 0x000001775f78c0b0 Thread added: 0x000001775f78c0b0
Event: 0.441 Thread 0x000001775f78dd90 Thread added: 0x000001775f78dd90
Event: 0.441 Thread 0x000001773b28ff40 Thread exited: 0x000001773b28ff40
Event: 0.441 Thread 0x000001775f78c580 Thread added: 0x000001775f78c580
Event: 0.590 Thread 0x0000017764380830 Thread exited: 0x0000017764380830
Event: 0.840 Thread 0x00000177647c42d0 Thread added: 0x00000177647c42d0
Event: 1.050 Thread 0x000001776afab240 Thread added: 0x000001776afab240
Event: 6.602 Thread 0x000001776afab240 Thread exited: 0x000001776afab240


Dynamic libraries:
0x00007ff7f6b90000 - 0x00007ff7f6b9e000 	C:\dev\java\sdk\jdk-18.0.2.1\bin\javaw.exe
0x00007ff88e350000 - 0x00007ff88e548000 	C:\WINDOWS\SYSTEM32\ntdll.dll
0x00007ff88cc10000 - 0x00007ff88cccf000 	C:\WINDOWS\System32\KERNEL32.DLL
0x00007ff88bc50000 - 0x00007ff88bf22000 	C:\WINDOWS\System32\KERNELBASE.dll
0x00007ff88c2a0000 - 0x00007ff88c3a0000 	C:\WINDOWS\System32\ucrtbase.dll
0x00007ff871770000 - 0x00007ff871787000 	C:\dev\java\sdk\jdk-18.0.2.1\bin\jli.dll
0x00007ff88db60000 - 0x00007ff88dcfd000 	C:\WINDOWS\System32\USER32.dll
0x00007ff88ba50000 - 0x00007ff88ba72000 	C:\WINDOWS\System32\win32u.dll
0x00007ff88d320000 - 0x00007ff88d34b000 	C:\WINDOWS\System32\GDI32.dll
0x00007ff88c190000 - 0x00007ff88c29f000 	C:\WINDOWS\System32\gdi32full.dll
0x00007ff88bbb0000 - 0x00007ff88bc4d000 	C:\WINDOWS\System32\msvcp_win.dll
0x00007ff86cf40000 - 0x00007ff86cf5a000 	C:\dev\java\sdk\jdk-18.0.2.1\bin\VCRUNTIME140.dll
0x00007ff878bf0000 - 0x00007ff878e8a000 	C:\WINDOWS\WinSxS\amd64_microsoft.windows.common-controls_6595b64144ccf1df_6.0.19041.1110_none_60b5254171f9507e\COMCTL32.dll
0x00007ff88c780000 - 0x00007ff88c81e000 	C:\WINDOWS\System32\msvcrt.dll
0x00007ff88e2d0000 - 0x00007ff88e302000 	C:\WINDOWS\System32\IMM32.DLL
0x00007ff872350000 - 0x00007ff87235c000 	C:\dev\java\sdk\jdk-18.0.2.1\bin\vcruntime140_1.dll
0x00007ff85a7a0000 - 0x00007ff85a82d000 	C:\dev\java\sdk\jdk-18.0.2.1\bin\msvcp140.dll
0x00007ff82de60000 - 0x00007ff82ea71000 	C:\dev\java\sdk\jdk-18.0.2.1\bin\server\jvm.dll
0x00007ff88daa0000 - 0x00007ff88db4e000 	C:\WINDOWS\System32\ADVAPI32.dll
0x00007ff88c820000 - 0x00007ff88c8bc000 	C:\WINDOWS\System32\sechost.dll
0x00007ff88c8c0000 - 0x00007ff88c9e5000 	C:\WINDOWS\System32\RPCRT4.dll
0x00007ff88db50000 - 0x00007ff88db58000 	C:\WINDOWS\System32\PSAPI.DLL
0x00007ff87beb0000 - 0x00007ff87beb9000 	C:\WINDOWS\SYSTEM32\WSOCK32.dll
0x00007ff88cba0000 - 0x00007ff88cc0b000 	C:\WINDOWS\System32\WS2_32.dll
0x00007ff87d880000 - 0x00007ff87d8a7000 	C:\WINDOWS\SYSTEM32\WINMM.dll
0x00007ff8854e0000 - 0x00007ff8854ea000 	C:\WINDOWS\SYSTEM32\VERSION.dll
0x00007ff889930000 - 0x00007ff889942000 	C:\WINDOWS\SYSTEM32\kernel.appcore.dll
0x00007ff878810000 - 0x00007ff87881a000 	C:\dev\java\sdk\jdk-18.0.2.1\bin\jimage.dll
0x00007ff87a0a0000 - 0x00007ff87a284000 	C:\WINDOWS\SYSTEM32\DBGHELP.DLL
0x00007ff871600000 - 0x00007ff87162c000 	C:\WINDOWS\SYSTEM32\dbgcore.DLL
0x00007ff88c100000 - 0x00007ff88c182000 	C:\WINDOWS\System32\bcryptPrimitives.dll
0x00007ff85d450000 - 0x00007ff85d48b000 	C:\dev\java\sdk\jdk-18.0.2.1\bin\jdwp.dll
0x00007ff86cf30000 - 0x00007ff86cf3e000 	C:\dev\java\sdk\jdk-18.0.2.1\bin\instrument.dll
0x00007ff874ed0000 - 0x00007ff874ef5000 	C:\dev\java\sdk\jdk-18.0.2.1\bin\java.dll
0x00007ff85a8d0000 - 0x00007ff85a9a6000 	C:\dev\java\sdk\jdk-18.0.2.1\bin\jsvml.dll
0x00007ff88d350000 - 0x00007ff88da93000 	C:\WINDOWS\System32\SHELL32.dll
0x00007ff889b30000 - 0x00007ff88a2c2000 	C:\WINDOWS\SYSTEM32\windows.storage.dll
0x00007ff88de30000 - 0x00007ff88e184000 	C:\WINDOWS\System32\combase.dll
0x00007ff88b4b0000 - 0x00007ff88b4e0000 	C:\WINDOWS\SYSTEM32\Wldp.dll
0x00007ff88c590000 - 0x00007ff88c63d000 	C:\WINDOWS\System32\SHCORE.dll
0x00007ff88cdf0000 - 0x00007ff88ce45000 	C:\WINDOWS\System32\shlwapi.dll
0x00007ff88b990000 - 0x00007ff88b9af000 	C:\WINDOWS\SYSTEM32\profapi.dll
0x00007ff86cf20000 - 0x00007ff86cf2c000 	C:\dev\java\sdk\jdk-18.0.2.1\bin\dt_socket.dll
0x00007ff88aeb0000 - 0x00007ff88aeeb000 	C:\WINDOWS\SYSTEM32\IPHLPAPI.DLL
0x00007ff88b210000 - 0x00007ff88b27a000 	C:\WINDOWS\system32\mswsock.dll
0x00007ff88af00000 - 0x00007ff88afca000 	C:\WINDOWS\SYSTEM32\DNSAPI.dll
0x00007ff88e240000 - 0x00007ff88e248000 	C:\WINDOWS\System32\NSI.dll
0x00007ff8817d0000 - 0x00007ff8817da000 	C:\Windows\System32\rasadhlp.dll
0x00007ff87d8b0000 - 0x00007ff87d930000 	C:\WINDOWS\System32\fwpuclnt.dll
0x00007ff88bb30000 - 0x00007ff88bb57000 	C:\WINDOWS\System32\bcrypt.dll
0x00007ff871750000 - 0x00007ff871768000 	C:\dev\java\sdk\jdk-18.0.2.1\bin\zip.dll
0x00007ff874170000 - 0x00007ff874183000 	C:\dev\java\sdk\jdk-18.0.2.1\bin\net.dll
0x00007ff882a90000 - 0x00007ff882b9c000 	C:\WINDOWS\SYSTEM32\WINHTTP.dll
0x00007ff8723e0000 - 0x00007ff8723f6000 	C:\dev\java\sdk\jdk-18.0.2.1\bin\nio.dll
0x00007ff878800000 - 0x00007ff878810000 	C:\dev\java\sdk\jdk-18.0.2.1\bin\verify.dll
0x00007ff85a350000 - 0x00007ff85a4de000 	C:\dev\java\sdk\jdk-18.0.2.1\bin\awt.dll
0x00007ff88c6a0000 - 0x00007ff88c76d000 	C:\WINDOWS\System32\OLEAUT32.dll
0x00007ff8892b0000 - 0x00007ff889341000 	C:\WINDOWS\SYSTEM32\apphelp.dll
0x00007ff889460000 - 0x00007ff8894fe000 	C:\WINDOWS\system32\uxtheme.dll
0x00007ff88ccd0000 - 0x00007ff88cde5000 	C:\WINDOWS\System32\MSCTF.dll
0x00007ff88dd00000 - 0x00007ff88de2a000 	C:\WINDOWS\System32\ole32.dll
0x00007ff889750000 - 0x00007ff88977f000 	C:\WINDOWS\system32\DWMAPI.DLL
0x00007ff82d870000 - 0x00007ff82d995000 	C:\WINDOWS\system32\opengl32.dll
0x00007ff86cf60000 - 0x00007ff86cf8c000 	C:\WINDOWS\SYSTEM32\GLU32.dll
0x00007ff87d0e0000 - 0x00007ff87d2af000 	C:\WINDOWS\system32\d3d9.dll
0x00007ff882330000 - 0x00007ff882447000 	C:\WINDOWS\System32\DriverStore\FileRepository\nv_dispig.inf_amd64_ee20464bb4ac57f4\nvldumdx.dll
0x00007ff88b640000 - 0x00007ff88b652000 	C:\WINDOWS\SYSTEM32\msasn1.dll
0x00007ff885380000 - 0x00007ff8853b1000 	C:\WINDOWS\SYSTEM32\cryptnet.dll
0x00007ff88bfa0000 - 0x00007ff88c0f6000 	C:\WINDOWS\System32\CRYPT32.dll
0x00007ff884ed0000 - 0x00007ff885018000 	C:\WINDOWS\SYSTEM32\drvstore.dll
0x00007ff88b800000 - 0x00007ff88b82c000 	C:\WINDOWS\SYSTEM32\devobj.dll
0x00007ff88bb60000 - 0x00007ff88bbae000 	C:\WINDOWS\System32\cfgmgr32.dll
0x00007ff88b420000 - 0x00007ff88b42c000 	C:\WINDOWS\SYSTEM32\cryptbase.dll
0x00007ff88bf30000 - 0x00007ff88bf9a000 	C:\WINDOWS\System32\WINTRUST.DLL
0x00007ff88e2b0000 - 0x00007ff88e2cd000 	C:\WINDOWS\System32\imagehlp.dll
0x00007ff88b400000 - 0x00007ff88b418000 	C:\WINDOWS\SYSTEM32\CRYPTSP.dll
0x00007ff88aac0000 - 0x00007ff88aaf4000 	C:\WINDOWS\system32\rsaenh.dll
0x00007ff8250d0000 - 0x00007ff8268da000 	C:\WINDOWS\System32\DriverStore\FileRepository\nv_dispig.inf_amd64_ee20464bb4ac57f4\nvd3dumx.dll
0x00007ff82d5a0000 - 0x00007ff82d863000 	C:\WINDOWS\system32\nvspcap64.dll
0x00007ff88abe0000 - 0x00007ff88ac13000 	C:\WINDOWS\SYSTEM32\ntmarta.dll
0x00007ff88a2e0000 - 0x00007ff88a303000 	C:\WINDOWS\SYSTEM32\gpapi.dll
0x00007ff886ca0000 - 0x00007ff886cdb000 	C:\WINDOWS\SYSTEM32\dxcore.dll
0x00007ff88b910000 - 0x00007ff88b93e000 	C:\WINDOWS\SYSTEM32\USERENV.dll
0x00007ff8861c0000 - 0x00007ff8861d7000 	C:\WINDOWS\SYSTEM32\dhcpcsvc6.DLL
0x00007ff885880000 - 0x00007ff88589d000 	C:\WINDOWS\SYSTEM32\dhcpcsvc.DLL

dbghelp: loaded successfully - version: 4.0.5 - missing functions: none
symbol engine: initialized successfully - sym options: 0x614 - pdb path: .;C:\dev\java\sdk\jdk-18.0.2.1\bin;C:\WINDOWS\SYSTEM32;C:\WINDOWS\WinSxS\amd64_microsoft.windows.common-controls_6595b64144ccf1df_6.0.19041.1110_none_60b5254171f9507e;C:\dev\java\sdk\jdk-18.0.2.1\bin\server;C:\WINDOWS\System32\DriverStore\FileRepository\nv_dispig.inf_amd64_ee20464bb4ac57f4

VM Arguments:
jvm_args: -XX:+ShowCodeDetailsInExceptionMessages -agentlib:jdwp=transport=dt_socket,suspend=y,address=localhost:50784 -javaagent:C:\dev\java\eclipse-2022.06\configuration\org.eclipse.osgi\1071\0\.cp\lib\javaagent-shaded.jar -Dfile.encoding=UTF-8 
java_command: Window.AddCopyWindow
java_class_path (initial): C:\Users\Quentin\Desktop\Java dernire fois\ProjetGit\JavaClubVideo\bin;C:\Users\Quentin\Desktop\Java dernire fois\ProjetGit\JavaClubVideo\commons-lang3-3.8.1.jar;C:\Users\Quentin\Desktop\Java dernire fois\ProjetGit\JavaClubVideo\commons-logging-1.2.jar;C:\Users\Quentin\Desktop\Java dernire fois\ProjetGit\JavaClubVideo\hsqldb-2.5.0.jar;C:\Users\Quentin\Desktop\Java dernire fois\ProjetGit\JavaClubVideo\jackcess-3.0.1.jar;C:\Users\Quentin\Desktop\Java dernire fois\ProjetGit\JavaClubVideo\ucanaccess-5.0.1.jar
Launcher Type: SUN_STANDARD

[Global flags]
     intx CICompilerCount                          = 3                                         {product} {ergonomic}
     uint ConcGCThreads                            = 1                                         {product} {ergonomic}
     uint G1ConcRefinementThreads                  = 4                                         {product} {ergonomic}
   size_t G1HeapRegionSize                         = 2097152                                   {product} {ergonomic}
    uintx GCDrainStackTargetSize                   = 64                                        {product} {ergonomic}
   size_t InitialHeapSize                          = 268435456                                 {product} {ergonomic}
   size_t MarkStackSize                            = 4194304                                   {product} {ergonomic}
   size_t MaxHeapSize                              = 4286578688                                {product} {ergonomic}
   size_t MaxNewSize                               = 2571108352                                {product} {ergonomic}
   size_t MinHeapDeltaBytes                        = 2097152                                   {product} {ergonomic}
   size_t MinHeapSize                              = 8388608                                   {product} {ergonomic}
    uintx NonNMethodCodeHeapSize                   = 5832780                                {pd product} {ergonomic}
    uintx NonProfiledCodeHeapSize                  = 122912730                              {pd product} {ergonomic}
    uintx ProfiledCodeHeapSize                     = 122912730                              {pd product} {ergonomic}
    uintx ReservedCodeCacheSize                    = 251658240                              {pd product} {ergonomic}
     bool SegmentedCodeCache                       = true                                      {product} {ergonomic}
     bool ShowCodeDetailsInExceptionMessages       = true                                   {manageable} {command line}
   size_t SoftMaxHeapSize                          = 4286578688                             {manageable} {ergonomic}
     bool UseCompressedClassPointers               = true                           {product lp64_product} {ergonomic}
     bool UseCompressedOops                        = true                           {product lp64_product} {ergonomic}
     bool UseG1GC                                  = true                                      {product} {ergonomic}
     bool UseLargePagesIndividualAllocation        = false                                  {pd product} {ergonomic}

Logging:
Log output configuration:
 #0: stdout all=warning uptime,level,tags foldmultilines=false
 #1: stderr all=off uptime,level,tags foldmultilines=false

Environment Variables:
JAVA_HOME=C:\dev\java\sdk\jdk-18.0.2.1
PATH=C:/dev/java/sdk/jdk-18.0.2.1/bin/server;C:/dev/java/sdk/jdk-18.0.2.1/bin;C:\dev\java\sdk\jdk-18.0.2.1\bin;c:\Program Files\Git\cmd;C:\dev\java\sdk\jdk-18.0.2.1\bin;C:\Program Files (x86)\Common Files\Oracle\Java\javapath;C:\ProgramData\Oracle\Java\javapath;C:\WINDOWS\system32;C:\WINDOWS;C:\WINDOWS\System32\Wbem;C:\WINDOWS\System32\WindowsPowerShell\v1.0\;C:\WINDOWS\System32\OpenSSH\;C:\Program Files (x86)\NVIDIA Corporation\PhysX\Common;C:\Program Files\dotnet\;C:\Program Files (x86)\dotnet\;C:\WINDOWS\system32;C:\WINDOWS;C:\WINDOWS\System32\Wbem;C:\WINDOWS\System32\WindowsPowerShell\v1.0\;C:\WINDOWS\System32\OpenSSH\;C:\Program Files\NVIDIA Corporation\NVIDIA NvDLISR;C:\Program Files (x86)\Druide\Antidote 9\Application\Bin64\;C:\Program Files (x86)\Druide\Antidote 9\Application\Bin32\;C:\Program Files\Microsoft SQL Server\Client SDK\ODBC\170\Tools\Binn\;C:\Program Files\PuTTY\;C:\Users\Quentin\AppData\Local\Microsoft\WindowsApps;C:\Users\Quentin\.dotnet\tools;C:\Program Files\Azure Data Studio\bin;C:\Users\Quentin;C:\dev\java\eclipse-2022.06;
USERNAME=Quentin
OS=Windows_NT
PROCESSOR_IDENTIFIER=Intel64 Family 6 Model 94 Stepping 3, GenuineIntel



---------------  S Y S T E M  ---------------

OS:
 Windows 10 , 64 bit Build 19041 (10.0.19041.2251)
OS uptime: 0 days 10:25 hours

CPU: total 4 (initial active 4) (4 cores per cpu, 1 threads per core) family 6 model 94 stepping 3 microcode 0xcc, cx8, cmov, fxsr, mmx, 3dnowpref, sse, sse2, sse3, ssse3, sse4.1, sse4.2, popcnt, lzcnt, tsc, tscinvbit, avx, avx2, aes, erms, clmul, bmi1, bmi2, rtm, adx, fma, vzeroupper, clflush, clflushopt

Memory: 4k page, system-wide physical 16344M (8402M free)
TotalPageFile size 18776M (AvailPageFile size 6735M)
current process WorkingSet (physical memory assigned to process): 122M, peak: 156M
current process commit charge ("private bytes"): 381M, peak: 409M

vm_info: OpenJDK 64-Bit Server VM (18.0.2.1+1-1) for windows-amd64 JRE (18.0.2.1+1-1), built on Aug 16 2022 01:44:29 by "mach5one" with MS VC++ 16.8 / 16.9 (VS2019)

END.
